# JRE version: Java(TM) SE Runtime Environment (8.0_51-b16) (build 1.8.0_51-b16)
# Java VM: Java HotSpot(TM) 64-Bit Server VM (25.51-b03 mixed mode windows-amd64 compressed oops)
Heap:
 garbage-first heap   total 2392064K, used 2005565K [0x00000005c0000000, 0x00000005c2000248, 0x00000007c0000000)
  region size 32768K, 12 young (393216K), 2 survivors (65536K)
 Metaspace       used 190944K, capacity 213097K, committed 213344K, reserved 1230848K
  class space    used 21153K, capacity 31030K, committed 31176K, reserved 1048576K
GC Heap History (10 events):
Event: 10877.667 GC heap before
{Heap before GC invocations=3077 (full 0):
 garbage-first heap   total 2392064K, used 2112990K [0x00000005c0000000, 0x00000005c2000248, 0x00000007c0000000)
  region size 32768K, 14 young (458752K), 2 survivors (65536K)
 Metaspace       used 190942K, capacity 213097K, committed 213344K, reserved 1230848K
  class space    used 21153K, capacity 31030K, committed 31176K, reserved 1048576K
Event: 10877.674 GC heap after
Heap after GC invocations=3078 (full 0):
 garbage-first heap   total 2392064K, used 1707435K [0x00000005c0000000, 0x00000005c2000248, 0x00000007c0000000)
  region size 32768K, 2 young (65536K), 2 survivors (65536K)
 Metaspace       used 190942K, capacity 213097K, committed 213344K, reserved 1230848K
  class space    used 21153K, capacity 31030K, committed 31176K, reserved 1048576K
}
Event: 10879.911 GC heap before
{Heap before GC invocations=3078 (full 0):
 garbage-first heap   total 2392064K, used 2100651K [0x00000005c0000000, 0x00000005c2000248, 0x00000007c0000000)
  region size 32768K, 14 young (458752K), 2 survivors (65536K)
 Metaspace       used 190942K, capacity 213097K, committed 213344K, reserved 1230848K
  class space    used 21153K, capacity 31030K, committed 31176K, reserved 1048576K
Event: 10879.918 GC heap after
Heap after GC invocations=3079 (full 0):
 garbage-first heap   total 2392064K, used 1716923K [0x00000005c0000000, 0x00000005c2000248, 0x00000007c0000000)
  region size 32768K, 2 young (65536K), 2 survivors (65536K)
 Metaspace       used 190942K, capacity 213097K, committed 213344K, reserved 1230848K
  class space    used 21153K, capacity 31030K, committed 31176K, reserved 1048576K
}
Event: 10881.684 GC heap before
{Heap before GC invocations=3079 (full 0):
 garbage-first heap   total 2392064K, used 2110139K [0x00000005c0000000, 0x00000005c2000248, 0x00000007c0000000)
  region size 32768K, 14 young (458752K), 2 survivors (65536K)
 Metaspace       used 190943K, capacity 213097K, committed 213344K, reserved 1230848K
  class space    used 21153K, capacity 31030K, committed 31176K, reserved 1048576K
Event: 10881.694 GC heap after
Heap after GC invocations=3080 (full 0):
 garbage-first heap   total 2392064K, used 1708816K [0x00000005c0000000, 0x00000005c2000248, 0x00000007c0000000)
  region size 32768K, 2 young (65536K), 2 survivors (65536K)
 Metaspace       used 190943K, capacity 213097K, committed 213344K, reserved 1230848K
  class space    used 21153K, capacity 31030K, committed 31176K, reserved 1048576K
}
Event: 10884.180 GC heap before
{Heap before GC invocations=3081 (full 0):
 garbage-first heap   total 2392064K, used 2102032K [0x00000005c0000000, 0x00000005c2000248, 0x00000007c0000000)
  region size 32768K, 14 young (458752K), 2 survivors (65536K)
 Metaspace       used 190944K, capacity 213097K, committed 213344K, reserved 1230848K
  class space    used 21153K, capacity 31030K, committed 31176K, reserved 1048576K
Event: 10884.187 GC heap after
Heap after GC invocations=3082 (full 0):
 garbage-first heap   total 2392064K, used 1717086K [0x00000005c0000000, 0x00000005c2000248, 0x00000007c0000000)
  region size 32768K, 2 young (65536K), 2 survivors (65536K)
 Metaspace       used 190944K, capacity 213097K, committed 213344K, reserved 1230848K
  class space    used 21153K, capacity 31030K, committed 31176K, reserved 1048576K
}
Event: 10886.373 GC heap before
{Heap before GC invocations=3082 (full 0):
 garbage-first heap   total 2392064K, used 2110302K [0x00000005c0000000, 0x00000005c2000248, 0x00000007c0000000)
  region size 32768K, 14 young (458752K), 2 survivors (65536K)
 Metaspace       used 190944K, capacity 213097K, committed 213344K, reserved 1230848K
  class space    used 21153K, capacity 31030K, committed 31176K, reserved 1048576K
Event: 10886.381 GC heap after
Heap after GC invocations=3083 (full 0):
 garbage-first heap   total 2392064K, used 1710653K [0x00000005c0000000, 0x00000005c2000248, 0x00000007c0000000)
  region size 32768K, 2 young (65536K), 2 survivors (65536K)
 Metaspace       used 190944K, capacity 213097K, committed 213344K, reserved 1230848K
  class space    used 21153K, capacity 31030K, committed 31176K, reserved 1048576K
}

